[eduar2tc.github.io/vaccine-covid/index.html]
[eduar2tc.github.io/vaccine-covid/assets/img/icon/favicon/apple-icon-57x57.png]
[eduar2tc.github.io/vaccine-covid/assets/img/icon/favicon/apple-icon-60x60.png]
[eduar2tc.github.io/vaccine-covid/assets/img/icon/favicon/apple-icon-72x72.png]
[eduar2tc.github.io/vaccine-covid/assets/img/icon/favicon/apple-icon-76x76.png]
[eduar2tc.github.io/vaccine-covid/assets/img/icon/favicon/apple-icon-114x114.png]
[eduar2tc.github.io/vaccine-covid/assets/img/icon/favicon/apple-icon-120x120.png]
[eduar2tc.github.io/vaccine-covid/assets/img/icon/favicon/apple-icon-144x144.png]
[eduar2tc.github.io/vaccine-covid/assets/img/icon/favicon/apple-icon-152x152.png]
[eduar2tc.github.io/vaccine-covid/assets/img/icon/favicon/apple-icon-180x180.png]
[eduar2tc.github.io/vaccine-covid/assets/img/icon/favicon/android-icon-192x192.png]
[eduar2tc.github.io/vaccine-covid/assets/img/icon/favicon/favicon-32x32.png]
[eduar2tc.github.io/vaccine-covid/assets/img/icon/favicon/favicon-96x96.png]
[eduar2tc.github.io/vaccine-covid/assets/img/icon/favicon/favicon-16x16.png]
[eduar2tc.github.io/vaccine-covid/assets/img/icon/favicon/manifest.json]
[eduar2tc.github.io/ms-icon-144x144.png]
[eduar2tc.github.io/vaccine-covid/assets/css/normalize.css]
[eduar2tc.github.io/vaccine-covid/assets/css/styles.css]
[backblue.gif]
[fade.gif]
[index.html]
[cdnjs.cloudflare.com/ajax/libs/font-awesome/6.0.0/css/all.min.css]
[eduar2tc.github.io/vaccine-covid/assets/js/main.js]
[eduar2tc.github.io/vaccine-covid/index.html]
[eduar2tc.github.io/ms-icon-144x144.html]
[eduar2tc.github.io/vaccine-covid/assets/css/normalize.css]
[cdnjs.cloudflare.com/ajax/libs/font-awesome/6.0.0/js/all.min.js]
[eduar2tc.github.io/vaccine-covid/assets/img/header-md.jpg]
[eduar2tc.github.io/vaccine-covid/assets/img/svg/astra.svg]
[eduar2tc.github.io/vaccine-covid/assets/img/svg/sinovac.svg]
[eduar2tc.github.io/vaccine-covid/assets/img/svg/pfizer.svg]
[eduar2tc.github.io/vaccine-covid/assets/img/svg/moderna.svg]
[eduar2tc.github.io/vaccine-covid/assets/img/woman.png]
[eduar2tc.github.io/vaccine-covid/assets/img/nurseman0.png]
[eduar2tc.github.io/vaccine-covid/assets/css/styles.css]
[cdnjs.cloudflare.com/ajax/libs/font-awesome/6.0.0/css/all.min.css]
[eduar2tc.github.io/vaccine-covid/assets/img/svg/astra.svg]
[eduar2tc.github.io/vaccine-covid/assets/img/svg/sinovac.svg]
[eduar2tc.github.io/vaccine-covid/assets/img/svg/pfizer.svg]
[eduar2tc.github.io/vaccine-covid/assets/img/svg/moderna.svg]
